c:\users\reutsh\desktop\ik\inverse-kinematics\engine\debug\engine.pdb
c:\users\reutsh\desktop\ik\inverse-kinematics\engine\debug\engine.idb
c:\users\reutsh\desktop\ik\inverse-kinematics\engine\debug\mesh.obj
c:\users\reutsh\desktop\ik\inverse-kinematics\engine\debug\obj_loader.obj
c:\users\reutsh\desktop\ik\inverse-kinematics\engine\debug\shader.obj
c:\users\reutsh\desktop\ik\inverse-kinematics\engine\debug\texture.obj
c:\users\reutsh\desktop\ik\inverse-kinematics\engine\debug\stb_image.obj
c:\users\reutsh\desktop\307892950_312466949\inverse-kinematics\engine\debug\engine.pdb
c:\users\reutsh\desktop\307892950_312466949\inverse-kinematics\engine\debug\engine.idb
c:\users\reutsh\desktop\307892950_312466949\inverse-kinematics\engine\debug\mesh.obj
c:\users\reutsh\desktop\307892950_312466949\inverse-kinematics\engine\debug\obj_loader.obj
c:\users\reutsh\desktop\307892950_312466949\inverse-kinematics\engine\debug\shader.obj
c:\users\reutsh\desktop\307892950_312466949\inverse-kinematics\engine\debug\texture.obj
c:\users\reutsh\desktop\307892950_312466949\inverse-kinematics\engine\debug\stb_image.obj
c:\users\reutsh\desktop\ik\inverse-kinematics\debug\engine.lib
c:\users\reutsh\desktop\307892950_312466949\inverse-kinematics\debug\engine.lib
c:\users\reutsh\desktop\307892950_312466949\inverse-kinematics\debug\engine.pdb
c:\users\reutsh\desktop\307892950_312466949\inverse-kinematics\engine\debug\engine.tlog\cl.command.1.tlog
c:\users\reutsh\desktop\307892950_312466949\inverse-kinematics\engine\debug\engine.tlog\cl.read.1.tlog
c:\users\reutsh\desktop\307892950_312466949\inverse-kinematics\engine\debug\engine.tlog\cl.write.1.tlog
c:\users\reutsh\desktop\307892950_312466949\inverse-kinematics\engine\debug\engine.tlog\lib-link.read.1.tlog
c:\users\reutsh\desktop\307892950_312466949\inverse-kinematics\engine\debug\engine.tlog\lib-link.write.1.tlog
c:\users\reutsh\desktop\307892950_312466949\inverse-kinematics\engine\debug\engine.tlog\lib.command.1.tlog
