c:\users\reutsh\desktop\ik\inverse-kinematics\forclass3d\debug\vc140.pdb
c:\users\reutsh\desktop\ik\inverse-kinematics\forclass3d\debug\vc140.idb
c:\users\reutsh\desktop\ik\inverse-kinematics\forclass3d\debug\roboticarm.obj
c:\users\reutsh\desktop\ik\inverse-kinematics\forclass3d\debug\cube.obj
c:\users\reutsh\desktop\ik\inverse-kinematics\forclass3d\debug\display.obj
c:\users\reutsh\desktop\ik\inverse-kinematics\forclass3d\debug\main.obj
c:\users\reutsh\desktop\307892950_312466949\inverse-kinematics\forclass3d\debug\vc140.pdb
c:\users\reutsh\desktop\307892950_312466949\inverse-kinematics\forclass3d\debug\vc140.idb
c:\users\reutsh\desktop\307892950_312466949\inverse-kinematics\forclass3d\debug\roboticarm.obj
c:\users\reutsh\desktop\307892950_312466949\inverse-kinematics\forclass3d\debug\cube.obj
c:\users\reutsh\desktop\307892950_312466949\inverse-kinematics\forclass3d\debug\display.obj
c:\users\reutsh\desktop\307892950_312466949\inverse-kinematics\forclass3d\debug\main.obj
c:\users\reutsh\desktop\ik\inverse-kinematics\debug\forclass3d.ilk
c:\users\reutsh\desktop\ik\inverse-kinematics\debug\forclass3d.exe
c:\users\reutsh\desktop\ik\inverse-kinematics\debug\forclass3d.pdb
c:\users\reutsh\desktop\307892950_312466949\inverse-kinematics\debug\forclass3d.ilk
c:\users\reutsh\desktop\307892950_312466949\inverse-kinematics\debug\forclass3d.exe
c:\users\reutsh\desktop\307892950_312466949\inverse-kinematics\debug\forclass3d.pdb
c:\users\reutsh\desktop\307892950_312466949\inverse-kinematics\forclass3d\debug\forclass3d.vcxprojresolveassemblyreference.cache
c:\users\reutsh\desktop\307892950_312466949\inverse-kinematics\forclass3d\debug\vc141.idb
c:\users\reutsh\desktop\307892950_312466949\inverse-kinematics\forclass3d\debug\vc141.pdb
c:\users\reutsh\desktop\307892950_312466949\inverse-kinematics\forclass3d\debug\forclass3d.tlog\cl.command.1.tlog
c:\users\reutsh\desktop\307892950_312466949\inverse-kinematics\forclass3d\debug\forclass3d.tlog\cl.read.1.tlog
c:\users\reutsh\desktop\307892950_312466949\inverse-kinematics\forclass3d\debug\forclass3d.tlog\cl.write.1.tlog
c:\users\reutsh\desktop\307892950_312466949\inverse-kinematics\forclass3d\debug\forclass3d.tlog\link.command.1.tlog
c:\users\reutsh\desktop\307892950_312466949\inverse-kinematics\forclass3d\debug\forclass3d.tlog\link.read.1.tlog
c:\users\reutsh\desktop\307892950_312466949\inverse-kinematics\forclass3d\debug\forclass3d.tlog\link.write.1.tlog
