Build started 26/02/2019 17:46:59.
     1>Project "C:\Users\reutsh\Desktop\New folder\Inverse-Kinematics\forClass3D\forClass3D.vcxproj" on node 2 (Build target(s)).
     1>ClCompile:
         C:\Program Files (x86)\Microsoft Visual Studio 14.0\VC\bin\CL.exe /c /I"C:\Users\reutsh\Desktop\New folder\Inverse-Kinematics\engine" /I"C:\Users\reutsh\Desktop\New folder\Inverse-Kinematics\forClass3D" /I"C:\Users\reutsh\Desktop\New folder\Inverse-Kinematics\forClass3D\res\includes" /ZI /nologo /W3 /WX- /sdl /Od /Oy- /D _MBCS /Gm /EHsc /RTC1 /MDd /GS /fp:precise /Zc:wchar_t /Zc:forScope /Zc:inline /Fo"Debug\\" /Fd"Debug\vc140.pdb" /Gd /TP /analyze- /errorReport:prompt RoboticArm.cpp Cube.cpp display.cpp main.cpp
         main.cpp
     1>c:\users\reutsh\desktop\new folder\inverse-kinematics\forclass3d\inputmanager.h(54): warning C4244: 'argument': conversion from 'double' to 'GLint', possible loss of data
     1>c:\users\reutsh\desktop\new folder\inverse-kinematics\forclass3d\inputmanager.h(55): warning C4244: 'argument': conversion from 'double' to 'GLint', possible loss of data
     1>c:\users\reutsh\desktop\new folder\inverse-kinematics\forclass3d\inputmanager.h(122): warning C4305: 'initializing': truncation from 'double' to 'float'
     1>c:\users\reutsh\desktop\new folder\inverse-kinematics\forclass3d\inputmanager.h(160): warning C4244: 'initializing': conversion from 'double' to 'float', possible loss of data
     1>c:\users\reutsh\desktop\new folder\inverse-kinematics\forclass3d\inputmanager.h(376): warning C4244: 'argument': conversion from 'double' to 'float', possible loss of data
     1>c:\users\reutsh\desktop\new folder\inverse-kinematics\forclass3d\inputmanager.h(378): warning C4244: 'argument': conversion from 'double' to 'float', possible loss of data
     1>c:\users\reutsh\desktop\new folder\inverse-kinematics\forclass3d\inputmanager.h(382): warning C4244: 'argument': conversion from 'double' to 'float', possible loss of data
     1>c:\users\reutsh\desktop\new folder\inverse-kinematics\forclass3d\inputmanager.h(383): warning C4244: 'argument': conversion from 'double' to 'float', possible loss of data
     1>c:\users\reutsh\desktop\new folder\inverse-kinematics\forclass3d\main.cpp(146): warning C4305: '+=': truncation from 'double' to 'float'
         display.cpp
         Cube.cpp
         RoboticArm.cpp
     1>c:\users\reutsh\desktop\new folder\inverse-kinematics\forclass3d\roboticarm.cpp(108): warning C4244: '=': conversion from 'double' to 'float', possible loss of data
     1>c:\users\reutsh\desktop\new folder\inverse-kinematics\forclass3d\roboticarm.cpp(110): warning C4244: '=': conversion from 'double' to 'float', possible loss of data
         Generating Code...
       Link:
         C:\Program Files (x86)\Microsoft Visual Studio 14.0\VC\bin\link.exe /ERRORREPORT:PROMPT /OUT:"C:\Users\reutsh\Desktop\New folder\Inverse-Kinematics\Debug\forClass3D.exe" /INCREMENTAL /NOLOGO /LIBPATH:"C:\Users\reutsh\Desktop\New folder\Inverse-Kinematics\forClass3D\res\libs" glew32sd.lib glfw3.lib opengl32.lib kernel32.lib user32.lib gdi32.lib winspool.lib comdlg32.lib advapi32.lib shell32.lib ole32.lib oleaut32.lib uuid.lib odbc32.lib odbccp32.lib /MANIFEST /MANIFESTUAC:"level='asInvoker' uiAccess='false'" /manifest:embed /Debug /PDB:"C:\Users\reutsh\Desktop\New folder\Inverse-Kinematics\Debug\forClass3D.pdb" /TLBID:1 /DYNAMICBASE /NXCOMPAT /IMPLIB:"C:\Users\reutsh\Desktop\New folder\Inverse-Kinematics\Debug\forClass3D.lib" /MACHINE:X86 Debug\RoboticArm.obj
         Debug\Cube.obj
         Debug\display.obj
         Debug\main.obj
         "C:\Users\reutsh\Desktop\New folder\Inverse-Kinematics\Debug\engine.lib"
     1>LINK : warning LNK4098: defaultlib 'MSVCRT' conflicts with use of other libs; use /NODEFAULTLIB:library
     1>glew32sd.lib(glew.obj) : warning LNK4099: PDB 'vc110.pdb' was not found with 'glew32sd.lib(glew.obj)' or at 'C:\Users\reutsh\Desktop\New folder\Inverse-Kinematics\Debug\vc110.pdb'; linking object as if no debug info
         forClass3D.vcxproj -> C:\Users\reutsh\Desktop\New folder\Inverse-Kinematics\Debug\forClass3D.exe
     1>Done Building Project "C:\Users\reutsh\Desktop\New folder\Inverse-Kinematics\forClass3D\forClass3D.vcxproj" (Build target(s)).

Build succeeded.

Time Elapsed 00:00:04.00
